
POST / HTTP/1.1
Host: 127.0.0.1:8080
User-Agent: curl/8.13.0
Accept: */*
Content-Length: 9
Content-Type: application/x-www-form-urlencoded

name=xdoo-----------------
POST / HTTP/1.1
Host: 127.0.0.1:8080
User-Agent: curl/8.13.0
Accept: */*
Content-Length: 9
Content-Type: application/x-www-form-urlencoded

name=xdoo-----------------
POST / HTTP/1.1
Host: 127.0.0.1:8080
User-Agent: curl/8.13.0
Accept: */*
Content-Length: 9
Content-Type: application/x-www-form-urlencoded

name=xdoo-----------------
POST / HTTP/1.1
Host: 127.0.0.1:8080
User-Agent: curl/8.13.0
Accept: */*
Content-Length: 9
Content-Type: application/x-www-form-urlencoded

name=xdoo-----------------
POST / HTTP/1.1
Host: 127.0.0.1:8080
User-Agent: curl/8.13.0
Accept: */*
Content-Length: 9
Content-Type: application/x-www-form-urlencoded

name=xdoo-----------------
POST / HTTP/1.1
Host: 127.0.0.1:8080
User-Agent: curl/8.13.0
Accept: */*
Content-Length: 9
Content-Type: application/x-www-form-urlencoded

name=xdoo-----------------
POST / HTTP/1.1
Host: 127.0.0.1:8080
User-Agent: curl/8.13.0
Accept: */*
Content-Length: 9
Content-Type: application/x-www-form-urlencoded

name=xdoo-----------------
POST / HTTP/1.1
Host: 127.0.0.1:8080
User-Agent: curl/8.13.0
Accept: */*
Content-Length: 9
Content-Type: application/x-www-form-urlencoded

name=xdoo-----------------
POST / HTTP/1.1
Host: 127.0.0.1:8080
User-Agent: curl/8.13.0
Accept: */*
Content-Length: 9
Content-Type: application/x-www-form-urlencoded

name=xdoo-----------------
POST / HTTP/1.1
Host: 127.0.0.1:8080
User-Agent: curl/8.13.0
Accept: */*
Content-Length: 9
Content-Type: application/x-www-form-urlencoded

name=xdoo-----------------
POST / HTTP/1.1
Host: 127.0.0.1:8080
User-Agent: curl/8.13.0
Accept: */*
Content-Length: 9
Content-Type: application/x-www-form-urlencoded

name=xdoo-----------------
POST / HTTP/1.1
Host: 127.0.0.1:8080
User-Agent: curl/8.13.0
Accept: */*
Content-Length: 9
Content-Type: application/x-www-form-urlencoded

name=xdoo-----------------
POST / HTTP/1.1
Host: 127.0.0.1:8080
User-Agent: curl/8.13.0
Accept: */*
Content-Length: 9
Content-Type: application/x-www-form-urlencoded

name=xdoo-----------------
POST / HTTP/1.1
Host: 127.0.0.1:8080
User-Agent: curl/8.13.0
Accept: */*
Content-Length: 9
Content-Type: application/x-www-form-urlencoded

name=xdoo-----------------
POST / HTTP/1.1
Host: 127.0.0.1:8080
User-Agent: curl/8.13.0
Accept: */*
Content-Length: 9
Content-Type: application/x-www-form-urlencoded

name=xdoo-----------------
POST / HTTP/1.1
Host: 127.0.0.1:8080
User-Agent: curl/8.13.0
Accept: */*
Content-Length: 9
Content-Type: application/x-www-form-urlencoded

name=xdoo-----------------
POST / HTTP/1.1
Host: 127.0.0.1:8080
User-Agent: curl/8.13.0
Accept: */*
Content-Length: 9
Content-Type: application/x-www-form-urlencoded

name=xdoo-----------------
POST / HTTP/1.1
Host: 127.0.0.1:8080
User-Agent: curl/8.13.0
Accept: */*
Content-Length: 9
Content-Type: application/x-www-form-urlencoded

name=xdoo-----------------
